"E:/Code - Unreal/PastaWater/Content/Game/Inventory/DataTables/ItemDefinitions.uasset" 0
"E:/Code - Unreal/PastaWater/Content/Game/Inventory/DataTables/ItemDefinitions.uexp" 1
"../../../Engine/Content/EditorBlueprintResources/StandardMacros.uasset" 2
"../../../Engine/Content/EditorBlueprintResources/StandardMacros.uexp" 3
"E:/Code - Unreal/PastaWater/Content/Game/Inventory/Widgets/WBP_PlayerInventory.uasset" 4
"E:/Code - Unreal/PastaWater/Content/Game/Inventory/Widgets/WBP_PlayerInventory.uexp" 5
"E:/Code - Unreal/PastaWater/Content/Game/Inventory/ActorComponents/BP_PlayerInventoryAC.uasset" 6
"E:/Code - Unreal/PastaWater/Content/Game/Inventory/ActorComponents/BP_PlayerInventoryAC.uexp" 7
"E:/Code - Unreal/PastaWater/Content/Game/BP_PastaWaterCharacter.uasset" 8
"E:/Code - Unreal/PastaWater/Content/Game/BP_PastaWaterCharacter.uexp" 9
"E:/Code - Unreal/PastaWater/Content/Game/BP_PastaWaterPlayerController.uasset" 10
"E:/Code - Unreal/PastaWater/Content/Game/BP_PastaWaterPlayerController.uexp" 11
"E:/Code - Unreal/PastaWater/Content/BP_PastaWaterGameMode.uasset" 12
"E:/Code - Unreal/PastaWater/Content/BP_PastaWaterGameMode.uexp" 13
"../../../Engine/Content/EngineMaterials/T_Default_Material_Grid_M.uasset" 14
"../../../Engine/Content/EngineMaterials/T_Default_Material_Grid_M.uexp" 15
"../../../Engine/Content/EngineMaterials/T_Default_Material_Grid_M.ubulk" 16
"../../../Engine/Content/Functions/Engine_MaterialFunctions01/Opacity/CameraDepthFade.uasset" 17
"../../../Engine/Content/Functions/Engine_MaterialFunctions01/Opacity/CameraDepthFade.uexp" 18
"../../../Engine/Content/EngineMaterials/T_Default_Material_Grid_N.uasset" 19
"../../../Engine/Content/EngineMaterials/T_Default_Material_Grid_N.uexp" 20
"../../../Engine/Content/EngineMaterials/T_Default_Material_Grid_N.ubulk" 21
"../../../Engine/Content/EngineMaterials/WorldGridMaterial.uasset" 22
"../../../Engine/Content/EngineMaterials/WorldGridMaterial.uexp" 23
"../../../Engine/Content/ArtTools/RenderToTexture/Meshes/S_1_Unit_Plane.uasset" 24
"../../../Engine/Content/ArtTools/RenderToTexture/Meshes/S_1_Unit_Plane.uexp" 25
"../../../Engine/Content/ArtTools/RenderToTexture/Meshes/S_1_Unit_Plane.ubulk" 26
"../../../Engine/Content/EngineMaterials/DefaultMaterial.uasset" 27
"../../../Engine/Content/EngineMaterials/DefaultMaterial.uexp" 28
"../../../Engine/Content/BasicShapes/Cone.uasset" 29
"../../../Engine/Content/BasicShapes/Cone.uexp" 30
"../../../Engine/Content/BasicShapes/Cone.ubulk" 31
"../../../Engine/Content/BasicShapes/Plane.uasset" 32
"../../../Engine/Content/BasicShapes/Plane.uexp" 33
"../../../Engine/Content/BasicShapes/Plane.ubulk" 34
"../../../Engine/Content/BasicShapes/Sphere.uasset" 35
"../../../Engine/Content/BasicShapes/Sphere.uexp" 36
"../../../Engine/Content/BasicShapes/Sphere.ubulk" 37
"../../../Engine/Content/EditorLandscapeResources/DataLayer.uasset" 38
"../../../Engine/Content/EditorLandscapeResources/DataLayer.uexp" 39
"../../../Engine/Content/EditorLandscapeResources/DefaultAlphaTexture.uasset" 40
"../../../Engine/Content/EditorLandscapeResources/DefaultAlphaTexture.uexp" 41
"../../../Engine/Content/EditorMaterials/MAT_Groups_Toggle.uasset" 42
"../../../Engine/Content/EditorMaterials/MAT_Groups_Toggle.uexp" 43
"../../../Engine/Content/EditorMaterials/MAT_Groups_Visibility.uasset" 44
"../../../Engine/Content/EditorMaterials/MAT_Groups_Visibility.uexp" 45
"../../../Engine/Content/EditorMaterials/PreviewShadowIndicator.uasset" 46
"../../../Engine/Content/EditorMaterials/PreviewShadowIndicator.uexp" 47
"../../../Engine/Content/EditorMaterials/PreviewShadowIndicator.ubulk" 48
"../../../Engine/Content/EditorMaterials/PreviewShadowIndicatorMaterial.uasset" 49
"../../../Engine/Content/EditorMaterials/PreviewShadowIndicatorMaterial.uexp" 50
"../../../Engine/Content/EditorMaterials/MatineeGroups/MAT_ColorTrack.uasset" 51
"../../../Engine/Content/EditorMaterials/MatineeGroups/MAT_ColorTrack.uexp" 52
"../../../Engine/Content/EditorMaterials/MatineeGroups/MAT_Groups_Anim.uasset" 53
"../../../Engine/Content/EditorMaterials/MatineeGroups/MAT_Groups_Anim.uexp" 54
"../../../Engine/Content/EditorMaterials/MatineeGroups/MAT_Groups_AudioMaster.uasset" 55
"../../../Engine/Content/EditorMaterials/MatineeGroups/MAT_Groups_AudioMaster.uexp" 56
"../../../Engine/Content/EditorMaterials/MatineeGroups/MAT_Groups_Director.uasset" 57
"../../../Engine/Content/EditorMaterials/MatineeGroups/MAT_Groups_Director.uexp" 58
"../../../Engine/Content/EditorMaterials/MatineeGroups/MAT_Groups_Event.uasset" 59
"../../../Engine/Content/EditorMaterials/MatineeGroups/MAT_Groups_Event.uexp" 60
"../../../Engine/Content/EditorMaterials/MatineeGroups/MAT_Groups_Fade.uasset" 61
"../../../Engine/Content/EditorMaterials/MatineeGroups/MAT_Groups_Fade.uexp" 62
"../../../Engine/Content/EditorMaterials/MatineeGroups/MAT_Groups_Float.uasset" 63
"../../../Engine/Content/EditorMaterials/MatineeGroups/MAT_Groups_Float.uexp" 64
"../../../Engine/Content/EditorMaterials/MatineeGroups/MAT_Groups_Move.uasset" 65
"../../../Engine/Content/EditorMaterials/MatineeGroups/MAT_Groups_Move.uexp" 66
"../../../Engine/Content/EditorMaterials/MatineeGroups/MAT_Groups_Slomo.uasset" 67
"../../../Engine/Content/EditorMaterials/MatineeGroups/MAT_Groups_Slomo.uexp" 68
"../../../Engine/Content/EditorMaterials/MatineeGroups/MAT_Groups_Sound.uasset" 69
"../../../Engine/Content/EditorMaterials/MatineeGroups/MAT_Groups_Sound.uexp" 70
"../../../Engine/Content/EditorMaterials/MatineeGroups/MAT_Groups_Vector.uasset" 71
"../../../Engine/Content/EditorMaterials/MatineeGroups/MAT_Groups_Vector.uexp" 72
"../../../Engine/Content/EditorMaterials/ParticleSystems/PSysThumbnail_NoImage.uasset" 73
"../../../Engine/Content/EditorMaterials/ParticleSystems/PSysThumbnail_NoImage.uexp" 74
"../../../Engine/Content/EditorMaterials/ParticleSystems/PSysThumbnail_NoImage.ubulk" 75
"../../../Engine/Content/EditorMaterials/ParticleSystems/PSysThumbnail_OOD.uasset" 76
"../../../Engine/Content/EditorMaterials/ParticleSystems/PSysThumbnail_OOD.uexp" 77
"../../../Engine/Content/EditorMaterials/ParticleSystems/PSysThumbnail_OOD.ubulk" 78
"../../../Engine/Content/Functions/Engine_MaterialFunctions02/Utility/MakeFloat4.uasset" 79
"../../../Engine/Content/Functions/Engine_MaterialFunctions02/Utility/MakeFloat4.uexp" 80
"../../../Engine/Content/Functions/Engine_MaterialFunctions02/Utility/MakeFloat3.uasset" 81
"../../../Engine/Content/Functions/Engine_MaterialFunctions02/Utility/MakeFloat3.uexp" 82
"../../../Engine/Content/Functions/Engine_MaterialFunctions02/Utility/BreakOutFloat3Components.uasset" 83
"../../../Engine/Content/Functions/Engine_MaterialFunctions02/Utility/BreakOutFloat3Components.uexp" 84
"../../../Engine/Content/EditorMaterials/WorldPartition/WorldPartitionSpatialHashGridPreviewMaterial.uasset" 85
"../../../Engine/Content/EditorMaterials/WorldPartition/WorldPartitionSpatialHashGridPreviewMaterial.uexp" 86
"../../../Engine/Content/EditorMaterials/Camera/CineMat.uasset" 87
"../../../Engine/Content/EditorMaterials/Camera/CineMat.uexp" 88
"../../../Engine/Content/EditorMaterials/Camera/MI_CineMat_Rig.uasset" 89
"../../../Engine/Content/EditorMaterials/Camera/MI_CineMat_Rig.uexp" 90
"../../../Engine/Content/EditorMeshes/Camera/SM_CraneRig_Arm.uasset" 91
"../../../Engine/Content/EditorMeshes/Camera/SM_CraneRig_Arm.uexp" 92
"../../../Engine/Content/EditorMeshes/Camera/SM_CraneRig_Arm.ubulk" 93
"../../../Engine/Content/EditorMeshes/Camera/SM_CraneRig_Base.uasset" 94
"../../../Engine/Content/EditorMeshes/Camera/SM_CraneRig_Base.uexp" 95
"../../../Engine/Content/EditorMeshes/Camera/SM_CraneRig_Base.ubulk" 96
"../../../Engine/Content/EditorMeshes/Camera/SM_CraneRig_Body.uasset" 97
"../../../Engine/Content/EditorMeshes/Camera/SM_CraneRig_Body.uexp" 98
"../../../Engine/Content/EditorMeshes/Camera/SM_CraneRig_Body.ubulk" 99
"../../../Engine/Content/EditorMeshes/Camera/SM_CraneRig_Mount.uasset" 100
"../../../Engine/Content/EditorMeshes/Camera/SM_CraneRig_Mount.uexp" 101
"../../../Engine/Content/EditorMeshes/Camera/SM_CraneRig_Mount.ubulk" 102
"../../../Engine/Content/EditorMeshes/Camera/SM_RailRig_Mount.uasset" 103
"../../../Engine/Content/EditorMeshes/Camera/SM_RailRig_Mount.uexp" 104
"../../../Engine/Content/EditorMeshes/Camera/SM_RailRig_Mount.ubulk" 105
"../../../Engine/Content/EditorMeshes/Camera/SM_RailRig_Track.uasset" 106
"../../../Engine/Content/EditorMeshes/Camera/SM_RailRig_Track.uexp" 107
"../../../Engine/Content/EditorMeshes/Camera/SM_RailRig_Track.ubulk" 108
"../../../Engine/Content/EditorResources/BSPVertex.uasset" 109
"../../../Engine/Content/EditorResources/BSPVertex.uexp" 110
"../../../Engine/Content/EditorResources/EmptyActor.uasset" 111
"../../../Engine/Content/EditorResources/EmptyActor.uexp" 112
"../../../Engine/Content/EditorResources/S_Actor.uasset" 113
"../../../Engine/Content/EditorResources/S_Actor.uexp" 114
"../../../Engine/Content/EditorResources/S_Actor.ubulk" 115
"../../../Engine/Content/EditorResources/S_BoxReflectionCapture.uasset" 116
"../../../Engine/Content/EditorResources/S_BoxReflectionCapture.uexp" 117
"../../../Engine/Content/EditorResources/S_Note.uasset" 118
"../../../Engine/Content/EditorResources/S_Note.uexp" 119
"../../../Engine/Content/EditorResources/S_Solver.uasset" 120
"../../../Engine/Content/EditorResources/S_Solver.uexp" 121
"../../../Engine/Content/EditorResources/S_Solver.ubulk" 122
"../../../Engine/Content/EditorResources/S_Terrain.uasset" 123
"../../../Engine/Content/EditorResources/S_Terrain.uexp" 124
"../../../Engine/Content/EditorResources/S_Terrain.ubulk" 125
"../../../Engine/Content/EditorResources/S_Trigger.uasset" 126
"../../../Engine/Content/EditorResources/S_Trigger.uexp" 127
"../../../Engine/Content/EditorResources/S_Trigger.ubulk" 128
"../../../Engine/Content/EditorResources/S_TriggerBox.uasset" 129
"../../../Engine/Content/EditorResources/S_TriggerBox.uexp" 130
"../../../Engine/Content/EditorResources/S_TriggerCapsule.uasset" 131
"../../../Engine/Content/EditorResources/S_TriggerCapsule.uexp" 132
"../../../Engine/Content/EditorResources/S_TriggerSphere.uasset" 133
"../../../Engine/Content/EditorResources/S_TriggerSphere.uexp" 134
"../../../Engine/Content/EditorResources/LightIcons/S_LightError.uasset" 135
"../../../Engine/Content/EditorResources/LightIcons/S_LightError.uexp" 136
"../../../Engine/Content/EditorResources/SequenceRecorder/Countdown.uasset" 137
"../../../Engine/Content/EditorResources/SequenceRecorder/Countdown.uexp" 138
"../../../Engine/Content/EditorResources/SequenceRecorder/RecordingIndicator.uasset" 139
"../../../Engine/Content/EditorResources/SequenceRecorder/RecordingIndicator.uexp" 140
"../../../Engine/Content/EngineDamageTypes/DmgTypeBP_Environmental.uasset" 141
"../../../Engine/Content/EngineDamageTypes/DmgTypeBP_Environmental.uexp" 142
"../../../Engine/Content/EngineDebugMaterials/DebugEditorMaterial.uasset" 143
"../../../Engine/Content/EngineDebugMaterials/DebugEditorMaterial.uexp" 144
"../../../Engine/Content/EngineDebugMaterials/DebugMeshMaterial.uasset" 145
"../../../Engine/Content/EngineDebugMaterials/DebugMeshMaterial.uexp" 146
"../../../Engine/Content/EngineDebugMaterials/M_SimpleUnlitTranslucent.uasset" 147
"../../../Engine/Content/EngineDebugMaterials/M_SimpleUnlitTranslucent.uexp" 148
"../../../Engine/Content/Functions/Engine_MaterialFunctions02/Utility/CameraDirectionVector.uasset" 149
"../../../Engine/Content/Functions/Engine_MaterialFunctions02/Utility/CameraDirectionVector.uexp" 150
"../../../Engine/Content/EngineDebugMaterials/VolumeToRender.uasset" 151
"../../../Engine/Content/EngineDebugMaterials/VolumeToRender.uexp" 152
"../../../Engine/Content/EngineDebugMaterials/M_VolumeRenderSphereTracePP.uasset" 153
"../../../Engine/Content/EngineDebugMaterials/M_VolumeRenderSphereTracePP.uexp" 154
"../../../Engine/Content/Functions/Engine_MaterialFunctions01/Shading/ConvertFromDiffSpec.uasset" 155
"../../../Engine/Content/Functions/Engine_MaterialFunctions01/Shading/ConvertFromDiffSpec.uexp" 156
"../../../Engine/Content/EngineDebugMaterials/VertexColorMaterial.uasset" 157
"../../../Engine/Content/EngineDebugMaterials/VertexColorMaterial.uexp" 158
"../../../Engine/Content/EngineDebugMaterials/WireframeMaterial.uasset" 159
"../../../Engine/Content/EngineDebugMaterials/WireframeMaterial.uexp" 160
"../../../Engine/Content/EngineFonts/Faces/DroidSansFallback.uasset" 161
"../../../Engine/Content/EngineFonts/Faces/DroidSansFallback.uexp" 162
"../../../Engine/Content/EngineFonts/Faces/DroidSansFallback.ufont" 163
"../../../Engine/Content/EngineFonts/Faces/RobotoBold.uasset" 164
"../../../Engine/Content/EngineFonts/Faces/RobotoBold.uexp" 165
"../../../Engine/Content/EngineFonts/Faces/RobotoBold.ufont" 166
"../../../Engine/Content/EngineFonts/Faces/RobotoBoldItalic.uasset" 167
"../../../Engine/Content/EngineFonts/Faces/RobotoBoldItalic.uexp" 168
"../../../Engine/Content/EngineFonts/Faces/RobotoBoldItalic.ufont" 169
"../../../Engine/Content/EngineFonts/Faces/RobotoItalic.uasset" 170
"../../../Engine/Content/EngineFonts/Faces/RobotoItalic.uexp" 171
"../../../Engine/Content/EngineFonts/Faces/RobotoItalic.ufont" 172
"../../../Engine/Content/EngineFonts/Faces/RobotoLight.uasset" 173
"../../../Engine/Content/EngineFonts/Faces/RobotoLight.uexp" 174
"../../../Engine/Content/EngineFonts/Faces/RobotoLight.ufont" 175
"../../../Engine/Content/EngineFonts/Faces/RobotoRegular.uasset" 176
"../../../Engine/Content/EngineFonts/Faces/RobotoRegular.uexp" 177
"../../../Engine/Content/EngineFonts/Faces/RobotoRegular.ufont" 178
"../../../Engine/Content/EngineFonts/Roboto.uasset" 179
"../../../Engine/Content/EngineFonts/Roboto.uexp" 180
"../../../Engine/Content/EngineMaterials/BaseFlattenEmissiveMap.uasset" 181
"../../../Engine/Content/EngineMaterials/BaseFlattenEmissiveMap.uexp" 182
"../../../Engine/Content/EngineMaterials/BaseFlattenDiffuseMap.uasset" 183
"../../../Engine/Content/EngineMaterials/BaseFlattenDiffuseMap.uexp" 184
"../../../Engine/Content/EngineMaterials/BaseFlattenNormalMap.uasset" 185
"../../../Engine/Content/EngineMaterials/BaseFlattenNormalMap.uexp" 186
"../../../Engine/Content/EngineMaterials/BaseFlattenGrayscaleMap.uasset" 187
"../../../Engine/Content/EngineMaterials/BaseFlattenGrayscaleMap.uexp" 188
"../../../Engine/Content/EngineMaterials/BaseFlattenMaterial.uasset" 189
"../../../Engine/Content/EngineMaterials/BaseFlattenMaterial.uexp" 190
"../../../Engine/Content/EngineMaterials/BaseFlattenEmissiveMap_VT.uasset" 191
"../../../Engine/Content/EngineMaterials/BaseFlattenEmissiveMap_VT.uexp" 192
"../../../Engine/Content/EngineMaterials/BaseFlattenDiffuseMap_VT.uasset" 193
"../../../Engine/Content/EngineMaterials/BaseFlattenDiffuseMap_VT.uexp" 194
"../../../Engine/Content/EngineMaterials/BaseFlattenNormalMap_VT.uasset" 195
"../../../Engine/Content/EngineMaterials/BaseFlattenNormalMap_VT.uexp" 196
"../../../Engine/Content/EngineMaterials/BaseFlattenGrayscaleMap_VT.uasset" 197
"../../../Engine/Content/EngineMaterials/BaseFlattenGrayscaleMap_VT.uexp" 198
"../../../Engine/Content/EngineMaterials/BaseFlattenMaterial_VT.uasset" 199
"../../../Engine/Content/EngineMaterials/BaseFlattenMaterial_VT.uexp" 200
"../../../Engine/Content/EngineMaterials/BlueNoise.uasset" 201
"../../../Engine/Content/EngineMaterials/BlueNoise.uexp" 202
"../../../Engine/Content/EngineMaterials/DefaultBloomKernel.uasset" 203
"../../../Engine/Content/EngineMaterials/DefaultBloomKernel.uexp" 204
"../../../Engine/Content/EngineMaterials/DefaultBokeh.uasset" 205
"../../../Engine/Content/EngineMaterials/DefaultBokeh.uexp" 206
"../../../Engine/Content/EngineMaterials/DefaultDiffuse.uasset" 207
"../../../Engine/Content/EngineMaterials/DefaultDiffuse.uexp" 208
"../../../Engine/Content/EngineMaterials/DefaultDiffuse.ubulk" 209
"../../../Engine/Content/EngineMaterials/DefaultDeferredDecalMaterial.uasset" 210
"../../../Engine/Content/EngineMaterials/DefaultDeferredDecalMaterial.uexp" 211
"../../../Engine/Content/EngineMaterials/DefaultLightFunctionMaterial.uasset" 212
"../../../Engine/Content/EngineMaterials/DefaultLightFunctionMaterial.uexp" 213
"../../../Engine/Content/EngineMaterials/DefaultPhysicalMaterial.uasset" 214
"../../../Engine/Content/EngineMaterials/DefaultPhysicalMaterial.uexp" 215
"../../../Engine/Content/Functions/Engine_MaterialFunctions02/Utility/BreakOutFloat2Components.uasset" 216
"../../../Engine/Content/Functions/Engine_MaterialFunctions02/Utility/BreakOutFloat2Components.uexp" 217
"../../../Engine/Content/EngineMaterials/DefaultPostProcessMaterial.uasset" 218
"../../../Engine/Content/EngineMaterials/DefaultPostProcessMaterial.uexp" 219
"../../../Engine/Content/EngineFonts/RobotoDistanceField.uasset" 220
"../../../Engine/Content/EngineFonts/RobotoDistanceField.uexp" 221
"../../../Engine/Content/EngineMaterials/DefaultTextMaterialOpaque.uasset" 222
"../../../Engine/Content/EngineMaterials/DefaultTextMaterialOpaque.uexp" 223
"../../../Engine/Content/EngineMaterials/DefaultWhiteGrid.uasset" 224
"../../../Engine/Content/EngineMaterials/DefaultWhiteGrid.uexp" 225
"../../../Engine/Content/EngineMaterials/DefaultWhiteGrid.ubulk" 226
"../../../Engine/Content/EngineMaterials/DefaultWhiteGrid_Low.uasset" 227
"../../../Engine/Content/EngineMaterials/DefaultWhiteGrid_Low.uexp" 228
"../../../Engine/Content/EngineMaterials/EmissiveMeshMaterial.uasset" 229
"../../../Engine/Content/EngineMaterials/EmissiveMeshMaterial.uexp" 230
"../../../Engine/Content/EngineMaterials/GizmoMaterial.uasset" 231
"../../../Engine/Content/EngineMaterials/GizmoMaterial.uexp" 232
"../../../Engine/Content/EngineMaterials/Good64x64TilingNoiseHighFreq.uasset" 233
"../../../Engine/Content/EngineMaterials/Good64x64TilingNoiseHighFreq.uexp" 234
"../../../Engine/Content/EngineMaterials/MiniFont.uasset" 235
"../../../Engine/Content/EngineMaterials/MiniFont.uexp" 236
"../../../Engine/Content/EngineMaterials/InvalidLightmapSettings.uasset" 237
"../../../Engine/Content/EngineMaterials/InvalidLightmapSettings.uexp" 238
"../../../Engine/Content/EngineMaterials/InvalidLightmapSettings.ubulk" 239
"../../../Engine/Content/EngineMaterials/M_InvalidLightmapSettings.uasset" 240
"../../../Engine/Content/EngineMaterials/M_InvalidLightmapSettings.uexp" 241
"../../../Engine/Content/Functions/Engine_MaterialFunctions02/WorldPositionOffset/CameraOffset.uasset" 242
"../../../Engine/Content/Functions/Engine_MaterialFunctions02/WorldPositionOffset/CameraOffset.uexp" 243
"../../../Engine/Content/EngineMaterials/PhAT_JointLimitMaterial.uasset" 244
"../../../Engine/Content/EngineMaterials/PhAT_JointLimitMaterial.uexp" 245
"../../../Engine/Content/EngineMaterials/PreintegratedSkinBRDF.uasset" 246
"../../../Engine/Content/EngineMaterials/PreintegratedSkinBRDF.uexp" 247
"../../../Engine/Content/EngineMaterials/RemoveSurfaceMaterial.uasset" 248
"../../../Engine/Content/EngineMaterials/RemoveSurfaceMaterial.uexp" 249
"../../../Engine/Content/EngineMaterials/WeightMapPlaceholderTexture.uasset" 250
"../../../Engine/Content/EngineMaterials/WeightMapPlaceholderTexture.uexp" 251
"../../../Engine/Content/EngineResources/WhiteSquareTexture.uasset" 252
"../../../Engine/Content/EngineResources/WhiteSquareTexture.uexp" 253
"../../../Engine/Content/EngineMaterials/Widget3DPassThrough.uasset" 254
"../../../Engine/Content/EngineMaterials/Widget3DPassThrough.uexp" 255
"../../../Engine/Content/EngineMaterials/Widget3DPassThrough_Masked.uasset" 256
"../../../Engine/Content/EngineMaterials/Widget3DPassThrough_Masked.uexp" 257
"../../../Engine/Content/EngineMaterials/Widget3DPassThrough_Opaque.uasset" 258
"../../../Engine/Content/EngineMaterials/Widget3DPassThrough_Opaque.uexp" 259
"../../../Engine/Content/EngineMaterials/Widget3DPassThrough_Masked_OneSided.uasset" 260
"../../../Engine/Content/EngineMaterials/Widget3DPassThrough_Masked_OneSided.uexp" 261
"../../../Engine/Content/EngineMaterials/Widget3DPassThrough_Opaque_OneSided.uasset" 262
"../../../Engine/Content/EngineMaterials/Widget3DPassThrough_Opaque_OneSided.uexp" 263
"../../../Engine/Content/EngineMaterials/Widget3DPassThrough_Translucent.uasset" 264
"../../../Engine/Content/EngineMaterials/Widget3DPassThrough_Translucent.uexp" 265
"../../../Engine/Content/EngineMaterials/Widget3DPassThrough_Translucent_OneSided.uasset" 266
"../../../Engine/Content/EngineMaterials/Widget3DPassThrough_Translucent_OneSided.uexp" 267
"../../../Engine/Content/EngineMeshes/Sphere.uasset" 268
"../../../Engine/Content/EngineMeshes/Sphere.uexp" 269
"../../../Engine/Content/EngineMeshes/Sphere.ubulk" 270
"../../../Engine/Content/EngineResources/Black.uasset" 271
"../../../Engine/Content/EngineResources/Black.uexp" 272
"../../../Engine/Content/EngineResources/DefaultTextureCube.uasset" 273
"../../../Engine/Content/EngineResources/DefaultTextureCube.uexp" 274
"../../../Engine/Content/EngineResources/DefaultVolumeTexture2D.uasset" 275
"../../../Engine/Content/EngineResources/DefaultVolumeTexture2D.uexp" 276
"../../../Engine/Content/EngineResources/DefaultVolumeTexture.uasset" 277
"../../../Engine/Content/EngineResources/DefaultVolumeTexture.uexp" 278
"../../../Engine/Content/EngineResources/GradientTexture0.uasset" 279
"../../../Engine/Content/EngineResources/GradientTexture0.uexp" 280
"../../../Engine/Content/EngineSky/VolumetricClouds/T_NoiseShape64.uasset" 281
"../../../Engine/Content/EngineSky/VolumetricClouds/T_NoiseShape64.uexp" 282
"../../../Engine/Content/EngineSky/VolumetricClouds/T_NoiseShape64.ubulk" 283
"../../../Engine/Content/EngineSky/VolumetricClouds/T_VolumeNoiseShape64.uasset" 284
"../../../Engine/Content/EngineSky/VolumetricClouds/T_VolumeNoiseShape64.uexp" 285
"../../../Engine/Content/EngineSky/VolumetricClouds/CloudGradientTexture.uasset" 286
"../../../Engine/Content/EngineSky/VolumetricClouds/CloudGradientTexture.uexp" 287
"../../../Engine/Content/EngineSky/VolumetricClouds/CloudWeatherTexture.uasset" 288
"../../../Engine/Content/EngineSky/VolumetricClouds/CloudWeatherTexture.uexp" 289
"../../../Engine/Content/Functions/Engine_MaterialFunctions02/Utility/MakeFloat2.uasset" 290
"../../../Engine/Content/Functions/Engine_MaterialFunctions02/Utility/MakeFloat2.uexp" 291
"../../../Engine/Content/EngineSky/VolumetricClouds/T_NoiseErosion.uasset" 292
"../../../Engine/Content/EngineSky/VolumetricClouds/T_NoiseErosion.uexp" 293
"../../../Engine/Content/EngineSky/VolumetricClouds/T_NoiseErosion.ubulk" 294
"../../../Engine/Content/EngineSky/VolumetricClouds/T_VolumeNoiseErosion32.uasset" 295
"../../../Engine/Content/EngineSky/VolumetricClouds/T_VolumeNoiseErosion32.uexp" 296
"../../../Engine/Content/EngineSky/VolumetricClouds/m_SimpleVolumetricCloud.uasset" 297
"../../../Engine/Content/EngineSky/VolumetricClouds/m_SimpleVolumetricCloud.uexp" 298
"../../../Engine/Content/EngineSky/VolumetricClouds/m_SimpleVolumetricCloud_Inst.uasset" 299
"../../../Engine/Content/EngineSky/VolumetricClouds/m_SimpleVolumetricCloud_Inst.uexp" 300
"../../../Engine/Content/EngineSounds/Master.uasset" 301
"../../../Engine/Content/EngineSounds/Master.uexp" 302
"../../../Engine/Content/Functions/Engine_MaterialFunctions01/Shading/PowerToRoughness.uasset" 303
"../../../Engine/Content/Functions/Engine_MaterialFunctions01/Shading/PowerToRoughness.uexp" 304
"../../../Engine/Content/Maps/Templates/Thumbnails/Default.uasset" 305
"../../../Engine/Content/Maps/Templates/Thumbnails/Default.uexp" 306
"../../../Engine/Content/Maps/Templates/Thumbnails/TimeOfDay.uasset" 307
"../../../Engine/Content/Maps/Templates/Thumbnails/TimeOfDay.uexp" 308
"../../../Engine/Content/Maps/Templates/Thumbnails/VR-Basic.uasset" 309
"../../../Engine/Content/Maps/Templates/Thumbnails/VR-Basic.uexp" 310
"../../../Engine/Content/MobileResources/T_MobileControls_texture.uasset" 311
"../../../Engine/Content/MobileResources/T_MobileControls_texture.uexp" 312
"../../../Engine/Content/MobileResources/T_MobileMenu2.uasset" 313
"../../../Engine/Content/MobileResources/T_MobileMenu2.uexp" 314
"../../../Engine/Content/MobileResources/HUD/AnalogHat.uasset" 315
"../../../Engine/Content/MobileResources/HUD/AnalogHat.uexp" 316
"../../../Engine/Content/MobileResources/HUD/VirtualJoystick_Background.uasset" 317
"../../../Engine/Content/MobileResources/HUD/VirtualJoystick_Background.uexp" 318
"../../../Engine/Content/MobileResources/HUD/VirtualJoystick_Thumb.uasset" 319
"../../../Engine/Content/MobileResources/HUD/VirtualJoystick_Thumb.uexp" 320
"../../../Engine/Content/MobileResources/HUD/DefaultVirtualJoysticks.uasset" 321
"../../../Engine/Content/MobileResources/HUD/DefaultVirtualJoysticks.uexp" 322
"../../../Engine/Content/MobileResources/HUD/LeftVirtualJoystickOnly.uasset" 323
"../../../Engine/Content/MobileResources/HUD/LeftVirtualJoystickOnly.uexp" 324
"../../../Engine/Content/MobileResources/HUD/MobileHUDButton1_off.uasset" 325
"../../../Engine/Content/MobileResources/HUD/MobileHUDButton1_off.uexp" 326
"../../../Engine/Content/MobileResources/HUD/MobileHUDButton1_on.uasset" 327
"../../../Engine/Content/MobileResources/HUD/MobileHUDButton1_on.uexp" 328
"../../../Engine/Content/MobileResources/HUD/MobileHUDButton2_off.uasset" 329
"../../../Engine/Content/MobileResources/HUD/MobileHUDButton2_off.uexp" 330
"../../../Engine/Content/MobileResources/HUD/MobileHUDButton2_on.uasset" 331
"../../../Engine/Content/MobileResources/HUD/MobileHUDButton2_on.uexp" 332
"../../../Engine/Content/MobileResources/HUD/MobileHUDButton3.uasset" 333
"../../../Engine/Content/MobileResources/HUD/MobileHUDButton3.uexp" 334
"../../../Engine/Content/MobileResources/HUD/MobileHUDButtonFire.uasset" 335
"../../../Engine/Content/MobileResources/HUD/MobileHUDButtonFire.uexp" 336
"../../../Engine/Content/MobileResources/HUD/MobileHUDDirectionPad.uasset" 337
"../../../Engine/Content/MobileResources/HUD/MobileHUDDirectionPad.uexp" 338
"../../../Engine/Content/MobileResources/HUD/MobileHUDDirectionPad2.uasset" 339
"../../../Engine/Content/MobileResources/HUD/MobileHUDDirectionPad2.uexp" 340
"../../../Engine/Content/MobileResources/HUD/MobileHUDDirectionPad3.uasset" 341
"../../../Engine/Content/MobileResources/HUD/MobileHUDDirectionPad3.uexp" 342
"../../../Engine/Content/MobileResources/HUD/MobileHUDDirectionStick.uasset" 343
"../../../Engine/Content/MobileResources/HUD/MobileHUDDirectionStick.uexp" 344
"../../../Engine/Content/MobileResources/HUD/T_Castle_ThumbstickInner.uasset" 345
"../../../Engine/Content/MobileResources/HUD/T_Castle_ThumbstickInner.uexp" 346
"../../../Engine/Content/MobileResources/HUD/T_Castle_ThumbstickOutter.uasset" 347
"../../../Engine/Content/MobileResources/HUD/T_Castle_ThumbstickOutter.uexp" 348
"../../../Engine/Content/Tutorial/ContentIntroCurve.uasset" 349
"../../../Engine/Content/Tutorial/ContentIntroCurve.uexp" 350
"../../../Engine/Content/VREditor/LaserPointer/VR_LaserPower_01.uasset" 351
"../../../Engine/Content/VREditor/LaserPointer/VR_LaserPower_01.uexp" 352
"../../../Engine/Content/VREditor/LaserPointer/VR_LaserPower_01.ubulk" 353
"../../../Engine/Content/VREditor/TransformGizmo/TransformGizmoMaterial.uasset" 354
"../../../Engine/Content/VREditor/TransformGizmo/TransformGizmoMaterial.uexp" 355
"../../../Engine/Content/VREditor/TransformGizmo/TranslucentTransformGizmoMaterial.uasset" 356
"../../../Engine/Content/VREditor/TransformGizmo/TranslucentTransformGizmoMaterial.uexp" 357
"../../../Engine/Content/VREditor/TransformGizmo/BoundingBoxCorner.uasset" 358
"../../../Engine/Content/VREditor/TransformGizmo/BoundingBoxCorner.uexp" 359
"../../../Engine/Content/VREditor/TransformGizmo/BoundingBoxCorner.ubulk" 360
"../../../Engine/Content/VREditor/TransformGizmo/BoundingBoxEdge.uasset" 361
"../../../Engine/Content/VREditor/TransformGizmo/BoundingBoxEdge.uexp" 362
"../../../Engine/Content/VREditor/TransformGizmo/BoundingBoxEdge.ubulk" 363
"../../../Engine/Content/VREditor/TransformGizmo/PlaneTranslationHandle.uasset" 364
"../../../Engine/Content/VREditor/TransformGizmo/PlaneTranslationHandle.uexp" 365
"../../../Engine/Content/VREditor/TransformGizmo/PlaneTranslationHandle.ubulk" 366
"../../../Engine/Content/VREditor/TransformGizmo/Main.uasset" 367
"../../../Engine/Content/VREditor/TransformGizmo/Main.uexp" 368
"../../../Engine/Content/VREditor/TransformGizmo/Xray.uasset" 369
"../../../Engine/Content/VREditor/TransformGizmo/Xray.uexp" 370
"../../../Engine/Content/VREditor/TransformGizmo/SM_Sequencer_Key.uasset" 371
"../../../Engine/Content/VREditor/TransformGizmo/SM_Sequencer_Key.uexp" 372
"../../../Engine/Content/VREditor/TransformGizmo/SM_Sequencer_Key.ubulk" 373
"../../../Engine/Content/VREditor/TransformGizmo/SM_Sequencer_Node.uasset" 374
"../../../Engine/Content/VREditor/TransformGizmo/SM_Sequencer_Node.uexp" 375
"../../../Engine/Content/VREditor/TransformGizmo/SM_Sequencer_Node.ubulk" 376
"../../../Engine/Plugins/2D/Paper2D/Content/PlaceholderTextures/DummySpriteTexture.uasset" 377
"../../../Engine/Plugins/2D/Paper2D/Content/PlaceholderTextures/DummySpriteTexture.uexp" 378
"../../../Engine/Plugins/2D/Paper2D/Content/PlaceholderTextures/DummySpriteTexture.ubulk" 379
"../../../Engine/Plugins/2D/Paper2D/Content/DummySprite.uasset" 380
"../../../Engine/Plugins/2D/Paper2D/Content/DummySprite.uexp" 381
"../../../Engine/Plugins/2D/Paper2D/Content/DefaultPaperTerrainMaterial.uasset" 382
"../../../Engine/Plugins/2D/Paper2D/Content/DefaultPaperTerrainMaterial.uexp" 383
"../../../Engine/Plugins/2D/Paper2D/Content/DefaultSpriteMaterial.uasset" 384
"../../../Engine/Plugins/2D/Paper2D/Content/DefaultSpriteMaterial.uexp" 385
"../../../Engine/Plugins/2D/Paper2D/Content/MaskedUnlitSpriteMaterial.uasset" 386
"../../../Engine/Plugins/2D/Paper2D/Content/MaskedUnlitSpriteMaterial.uexp" 387
"../../../Engine/Plugins/2D/Paper2D/Content/OpaqueUnlitSpriteMaterial.uasset" 388
"../../../Engine/Plugins/2D/Paper2D/Content/OpaqueUnlitSpriteMaterial.uexp" 389
"../../../Engine/Content/Functions/Engine_MaterialFunctions02/SafeNormalize.uasset" 390
"../../../Engine/Content/Functions/Engine_MaterialFunctions02/SafeNormalize.uexp" 391
"../../../Engine/Content/Functions/Engine_MaterialFunctions02/ObjectLocalBounds.uasset" 392
"../../../Engine/Content/Functions/Engine_MaterialFunctions02/ObjectLocalBounds.uexp" 393
"../../../Engine/Content/Functions/Engine_MaterialFunctions02/UVs/BoundingBoxBased_0-1_UVW.uasset" 394
"../../../Engine/Content/Functions/Engine_MaterialFunctions02/UVs/BoundingBoxBased_0-1_UVW.uexp" 395
"../../../Engine/Plugins/Editor/SpeedTreeImporter/Content/SpeedTree9/game_wind_noise.uasset" 396
"../../../Engine/Plugins/Editor/SpeedTreeImporter/Content/SpeedTree9/game_wind_noise.uexp" 397
"../../../Engine/Plugins/Editor/SpeedTreeImporter/Content/SpeedTree9/game_wind_noise.ubulk" 398
"../../../Engine/Plugins/Editor/SpeedTreeImporter/Content/SpeedTree9/SpeedTreeWindMotion.uasset" 399
"../../../Engine/Plugins/Editor/SpeedTreeImporter/Content/SpeedTree9/SpeedTreeWindMotion.uexp" 400
"../../../Engine/Plugins/Editor/SpeedTreeImporter/Content/SpeedTree9/UnpackDirection.uasset" 401
"../../../Engine/Plugins/Editor/SpeedTreeImporter/Content/SpeedTree9/UnpackDirection.uexp" 402
"../../../Engine/Plugins/Editor/SpeedTreeImporter/Content/SpeedTree9/UnpackInteger3.uasset" 403
"../../../Engine/Plugins/Editor/SpeedTreeImporter/Content/SpeedTree9/UnpackInteger3.uexp" 404
"../../../Engine/Plugins/Editor/SpeedTreeImporter/Content/SpeedTree9/SpeedTreeBillboard.uasset" 405
"../../../Engine/Plugins/Editor/SpeedTreeImporter/Content/SpeedTree9/SpeedTreeBillboard.uexp" 406
"../../../Engine/Plugins/Editor/SpeedTreeImporter/Content/SpeedTree9/SpeedTreeBranchMotion.uasset" 407
"../../../Engine/Plugins/Editor/SpeedTreeImporter/Content/SpeedTree9/SpeedTreeBranchMotion.uexp" 408
"../../../Engine/Plugins/Editor/SpeedTreeImporter/Content/SpeedTree9/SpeedTreeWind.uasset" 409
"../../../Engine/Plugins/Editor/SpeedTreeImporter/Content/SpeedTree9/SpeedTreeWind.uexp" 410
"../../../Engine/Content/EngineResources/DefaultTexture.uasset" 411
"../../../Engine/Content/EngineResources/DefaultTexture.uexp" 412
"../../../Engine/Content/EngineResources/DefaultTexture.ubulk" 413
"../../../Engine/Plugins/Editor/SpeedTreeImporter/Content/SpeedTree9/SpeedTreeBillboardMaster.uasset" 414
"../../../Engine/Plugins/Editor/SpeedTreeImporter/Content/SpeedTree9/SpeedTreeBillboardMaster.uexp" 415
"../../../Engine/Plugins/Editor/SpeedTreeImporter/Content/SpeedTree9/SpeedTreeCameraFacing.uasset" 416
"../../../Engine/Plugins/Editor/SpeedTreeImporter/Content/SpeedTree9/SpeedTreeCameraFacing.uexp" 417
"../../../Engine/Plugins/Editor/SpeedTreeImporter/Content/SpeedTree9/SpeedTreeMaster.uasset" 418
"../../../Engine/Plugins/Editor/SpeedTreeImporter/Content/SpeedTree9/SpeedTreeMaster.uexp" 419
"../../../Engine/Content/ArtTools/RenderToTexture/Materials/Debug/M_Emissive_Color.uasset" 420
"../../../Engine/Content/ArtTools/RenderToTexture/Materials/Debug/M_Emissive_Color.uexp" 421
"../../../Engine/Content/BasicShapes/Cylinder.uasset" 422
"../../../Engine/Content/BasicShapes/Cylinder.uexp" 423
"../../../Engine/Content/BasicShapes/Cylinder.ubulk" 424
"../../../Engine/Plugins/Lumin/MagicLeapPassableWorld/Content/MagicLeapARPinInfoActor.uasset" 425
"../../../Engine/Plugins/Lumin/MagicLeapPassableWorld/Content/MagicLeapARPinInfoActor.uexp" 426
"../../../Engine/Plugins/Runtime/HairStrands/Content/Materials/HairCardsDefaultMaterial.uasset" 427
"../../../Engine/Plugins/Runtime/HairStrands/Content/Materials/HairCardsDefaultMaterial.uexp" 428
"../../../Engine/Content/EngineMaterials/HairColorMap.uasset" 429
"../../../Engine/Content/EngineMaterials/HairColorMap.uexp" 430
"../../../Engine/Content/EngineMaterials/HairDebugColor.uasset" 431
"../../../Engine/Content/EngineMaterials/HairDebugColor.uexp" 432
"../../../Engine/Plugins/Runtime/HairStrands/Content/Materials/HairDebugMaterial.uasset" 433
"../../../Engine/Plugins/Runtime/HairStrands/Content/Materials/HairDebugMaterial.uexp" 434
"../../../Engine/Plugins/Runtime/HairStrands/Content/Materials/HairDefaultMaterial.uasset" 435
"../../../Engine/Plugins/Runtime/HairStrands/Content/Materials/HairDefaultMaterial.uexp" 436
"../../../Engine/Plugins/Runtime/HairStrands/Content/Materials/HairMeshesDefaultMaterial.uasset" 437
"../../../Engine/Plugins/Runtime/HairStrands/Content/Materials/HairMeshesDefaultMaterial.uexp" 438
"../../../Engine/Content/Functions/Engine_MaterialFunctions02/Utility/BreakOutFloat4Components.uasset" 439
"../../../Engine/Content/Functions/Engine_MaterialFunctions02/Utility/BreakOutFloat4Components.uexp" 440
"../../../Engine/Plugins/Runtime/Oculus/OculusVR/Content/Materials/OculusMR_ChromaKey.uasset" 441
"../../../Engine/Plugins/Runtime/Oculus/OculusVR/Content/Materials/OculusMR_ChromaKey.uexp" 442
"../../../Engine/Plugins/Runtime/Oculus/OculusVR/Content/Materials/OculusMR_OpaqueColoredMaterial.uasset" 443
"../../../Engine/Plugins/Runtime/Oculus/OculusVR/Content/Materials/OculusMR_OpaqueColoredMaterial.uexp" 444
"../../../Engine/Plugins/Runtime/Oculus/OculusVR/Content/Materials/PokeAHoleMaterial.uasset" 445
"../../../Engine/Plugins/Runtime/Oculus/OculusVR/Content/Materials/PokeAHoleMaterial.uexp" 446
"../../../Engine/Content/EngineSky/T_Sky_Blue.uasset" 447
"../../../Engine/Content/EngineSky/T_Sky_Blue.uexp" 448
"../../../Engine/Content/EngineSky/T_Sky_Blue.ubulk" 449
"../../../Engine/Content/EngineSky/T_Sky_Clouds_M.uasset" 450
"../../../Engine/Content/EngineSky/T_Sky_Clouds_M.uexp" 451
"../../../Engine/Content/EngineSky/T_Sky_Clouds_M.ubulk" 452
"../../../Engine/Content/EngineSky/T_Sky_Stars.uasset" 453
"../../../Engine/Content/EngineSky/T_Sky_Stars.uexp" 454
"../../../Engine/Content/EngineSky/T_Sky_Stars.ubulk" 455
"../../../Engine/Content/EngineSky/M_Sky_Panning_Clouds2.uasset" 456
"../../../Engine/Content/EngineSky/M_Sky_Panning_Clouds2.uexp" 457
"../../../Engine/Content/BasicShapes/Cube.uasset" 458
"../../../Engine/Content/BasicShapes/Cube.uexp" 459
"../../../Engine/Content/BasicShapes/Cube.ubulk" 460
"../../../Engine/Content/MapTemplates/SM_Template_Map_Floor.uasset" 461
"../../../Engine/Content/MapTemplates/SM_Template_Map_Floor.uexp" 462
"../../../Engine/Content/MapTemplates/SM_Template_Map_Floor.ubulk" 463
"../../../Engine/Content/BasicShapes/BasicShapeMaterial.uasset" 464
"../../../Engine/Content/BasicShapes/BasicShapeMaterial.uexp" 465
"E:/Code - Unreal/PastaWater/Content/Game/Levels/TestMap_BuiltData.uasset" 466
"E:/Code - Unreal/PastaWater/Content/Game/Levels/TestMap_BuiltData.uexp" 467
"E:/Code - Unreal/PastaWater/Content/Game/Levels/TestMap_BuiltData.ubulk" 468
"../../../Engine/Content/EngineSky/C_Sky_Zenith_Color.uasset" 469
"../../../Engine/Content/EngineSky/C_Sky_Zenith_Color.uexp" 470
"../../../Engine/Content/EngineSky/C_Sky_Horizon_Color.uasset" 471
"../../../Engine/Content/EngineSky/C_Sky_Horizon_Color.uexp" 472
"../../../Engine/Content/EngineSky/C_Sky_Cloud_Color.uasset" 473
"../../../Engine/Content/EngineSky/C_Sky_Cloud_Color.uexp" 474
"../../../Engine/Content/EngineSky/SM_SkySphere.uasset" 475
"../../../Engine/Content/EngineSky/SM_SkySphere.uexp" 476
"../../../Engine/Content/EngineSky/SM_SkySphere.ubulk" 477
"../../../Engine/Content/EngineSky/BP_Sky_Sphere.uasset" 478
"../../../Engine/Content/EngineSky/BP_Sky_Sphere.uexp" 479
"E:/Code - Unreal/PastaWater/Content/Game/Levels/TestMap.uexp" 480
"E:/Code - Unreal/PastaWater/Content/Game/Levels/TestMap.umap" 481
"../../../Engine/Content/Maps/Entry_BuiltData.uasset" 482
"../../../Engine/Content/Maps/Entry_BuiltData.uexp" 483
"../../../Engine/Content/Maps/Entry.uexp" 484
"../../../Engine/Content/Maps/Entry.umap" 485
